<?xml version="1.0" encoding="UTF-8"?>
<testng-results ignored="0" total="2" passed="2" failed="0" skipped="0">
  <reporter-output>
  </reporter-output>
  <suite started-at="2025-09-12T22:33:20 IST" name="Suite" finished-at="2025-09-12T22:34:39 IST" duration-ms="79160">
    <groups>
    </groups>
    <test started-at="2025-09-12T22:33:20 IST" name="Test" finished-at="2025-09-12T22:34:39 IST" duration-ms="79160">
      <class name="InterviewPack.Interviewtest">
        <test-method signature="edge()[pri:0, instance:InterviewPack.Interviewtest@185a6e9]" started-at="2025-09-12T22:33:20 IST" name="edge" finished-at="2025-09-12T22:33:45 IST" duration-ms="24979" status="PASS">
          <reporter-output>
          </reporter-output>
        </test-method> <!-- edge -->
        <test-method signature="firefox()[pri:0, instance:InterviewPack.Interviewtest@185a6e9]" started-at="2025-09-12T22:33:45 IST" name="firefox" finished-at="2025-09-12T22:34:33 IST" duration-ms="48021" status="PASS">
          <reporter-output>
          </reporter-output>
        </test-method> <!-- firefox -->
        <test-method is-config="true" signature="closebrowser()[pri:0, instance:InterviewPack.Interviewtest@185a6e9]" started-at="2025-09-12T22:34:33 IST" name="closebrowser" finished-at="2025-09-12T22:34:39 IST" duration-ms="5988" status="PASS">
          <reporter-output>
          </reporter-output>
        </test-method> <!-- closebrowser -->
      </class> <!-- InterviewPack.Interviewtest -->
    </test> <!-- Test -->
  </suite> <!-- Suite -->
</testng-results>
