<?xml version="1.0" encoding="UTF-8"?>
<!-- Generated by org.testng.reporters.JUnitXMLReporter -->
<testsuite ignored="10" hostname="LAPTOP-M3O83615" failures="5" tests="5" name="Test(failed)" time="0.121" errors="0" timestamp="2025-07-31T11:14:49 IST">
  <testcase classname="AnimalsPack.AnimalClass3" name="bfl" time="0.022">
    <failure type="java.lang.AssertionError" message="expected [Bufalo] but found [Buffalo]">
      <![CDATA[java.lang.AssertionError: expected [Bufalo] but found [Buffalo]
at AnimalsPack.AnimalClass3.bfl(AnimalClass3.java:53)
at java.base/java.util.ArrayList.forEach(ArrayList.java:1511)
... Removed 33 stack frames]]>
    </failure>
  </testcase> <!-- bfl -->
  <testcase classname="AnimalsPack.AnimalClass1" name="dr" time="0.002">
    <failure type="java.lang.AssertionError" message="expected [deer] but found [Deer]">
      <![CDATA[java.lang.AssertionError: expected [deer] but found [Deer]
at AnimalsPack.AnimalClass1.dr(AnimalClass1.java:44)
at java.base/java.util.ArrayList.forEach(ArrayList.java:1511)
... Removed 33 stack frames]]>
    </failure>
  </testcase> <!-- dr -->
  <testcase classname="AnimalsPack.AnimalClass1" name="rt" time="0.002">
    <failure type="java.lang.AssertionError" message="expected [Rat] but found [Raat]">
      <![CDATA[java.lang.AssertionError: expected [Rat] but found [Raat]
at AnimalsPack.AnimalClass1.rt(AnimalClass1.java:53)
at java.base/java.util.ArrayList.forEach(ArrayList.java:1511)
... Removed 33 stack frames]]>
    </failure>
  </testcase> <!-- rt -->
  <testcase classname="AnimalsPack.AnimalClass2" name="ele" time="0.002">
    <failure type="java.lang.AssertionError" message="expected [elephant] but found [Elephant]">
      <![CDATA[java.lang.AssertionError: expected [elephant] but found [Elephant]
at AnimalsPack.AnimalClass2.ele(AnimalClass2.java:53)
at java.base/java.util.ArrayList.forEach(ArrayList.java:1511)
... Removed 33 stack frames]]>
    </failure>
  </testcase> <!-- ele -->
  <testcase classname="AnimalsPack.AnimalClass2" name="mnk" time="0.001">
    <failure type="java.lang.AssertionError" message="expected [Monkey] but found [Monday]">
      <![CDATA[java.lang.AssertionError: expected [Monkey] but found [Monday]
at AnimalsPack.AnimalClass2.mnk(AnimalClass2.java:44)
at java.base/java.util.ArrayList.forEach(ArrayList.java:1511)
... Removed 33 stack frames]]>
    </failure>
  </testcase> <!-- mnk -->
  <testcase classname="AnimalsPack.AnimalClass3" name="cw" time="0.0">
    <ignored/>
  </testcase> <!-- cw -->
  <testcase classname="AnimalsPack.AnimalClass1" name="hrs" time="0.0">
    <ignored/>
  </testcase> <!-- hrs -->
  <testcase classname="AnimalsPack.AnimalClass1" name="ox" time="0.0">
    <ignored/>
  </testcase> <!-- ox -->
  <testcase classname="AnimalsPack.AnimalClass2" name="fx" time="0.0">
    <ignored/>
  </testcase> <!-- fx -->
  <testcase classname="AnimalsPack.AnimalClass3" name="cht" time="0.0">
    <ignored/>
  </testcase> <!-- cht -->
  <testcase classname="AnimalsPack.AnimalClass2" name="dnk" time="0.0">
    <ignored/>
  </testcase> <!-- dnk -->
  <testcase classname="AnimalsPack.AnimalClass2" name="hn" time="0.0">
    <ignored/>
  </testcase> <!-- hn -->
  <testcase classname="AnimalsPack.AnimalClass1" name="fx" time="0.0">
    <ignored/>
  </testcase> <!-- fx -->
  <testcase classname="AnimalsPack.AnimalClass3" name="mse" time="0.0">
    <ignored/>
  </testcase> <!-- mse -->
  <testcase classname="AnimalsPack.AnimalClass3" name="yk" time="0.0">
    <ignored/>
  </testcase> <!-- yk -->
</testsuite> <!-- Test(failed) -->
