<?xml version="1.0" encoding="UTF-8"?>
<testng-results ignored="0" total="1" passed="1" failed="0" skipped="0">
  <reporter-output>
  </reporter-output>
  <suite started-at="2025-10-02T17:41:26 IST" name="Default suite" finished-at="2025-10-02T17:41:46 IST" duration-ms="20399">
    <groups>
    </groups>
    <test started-at="2025-10-02T17:41:26 IST" name="Default test" finished-at="2025-10-02T17:41:46 IST" duration-ms="20399">
      <class name="POMTestCases.POMTesting">
        <test-method is-config="true" signature="openingmybrowser()[pri:0, instance:POMTestCases.POMTesting@34e9fd99]" started-at="2025-10-02T17:41:26 IST" name="openingmybrowser" finished-at="2025-10-02T17:41:34 IST" duration-ms="8436" status="PASS">
          <reporter-output>
          </reporter-output>
        </test-method> <!-- openingmybrowser -->
        <test-method signature="Testing()[pri:0, instance:POMTestCases.POMTesting@34e9fd99]" started-at="2025-10-02T17:41:34 IST" name="Testing" finished-at="2025-10-02T17:41:46 IST" duration-ms="11336" status="PASS">
          <reporter-output>
          </reporter-output>
        </test-method> <!-- Testing -->
        <test-method is-config="true" signature="closingmybrowser()[pri:0, instance:POMTestCases.POMTesting@34e9fd99]" started-at="2025-10-02T17:41:46 IST" name="closingmybrowser" finished-at="2025-10-02T17:41:46 IST" duration-ms="457" status="PASS">
          <reporter-output>
          </reporter-output>
        </test-method> <!-- closingmybrowser -->
      </class> <!-- POMTestCases.POMTesting -->
    </test> <!-- Default test -->
  </suite> <!-- Default suite -->
</testng-results>
