<?xml version="1.0" encoding="UTF-8"?>
<testng-results ignored="0" total="1" passed="1" failed="0" skipped="0">
  <reporter-output>
  </reporter-output>
  <suite started-at="2025-09-23T22:24:52 IST" name="Default suite" finished-at="2025-09-23T22:24:56 IST" duration-ms="4202">
    <groups>
    </groups>
    <test started-at="2025-09-23T22:24:52 IST" name="Default test" finished-at="2025-09-23T22:24:56 IST" duration-ms="4202">
      <class name="POMTestCases.POMTesting">
        <test-method is-config="true" signature="openthebrowser()[pri:0, instance:POMTestCases.POMTesting@55141def]" started-at="2025-09-23T22:24:52 IST" name="openthebrowser" finished-at="2025-09-23T22:24:55 IST" duration-ms="2849" status="PASS">
          <reporter-output>
          </reporter-output>
        </test-method> <!-- openthebrowser -->
        <test-method signature="Testing()[pri:0, instance:POMTestCases.POMTesting@55141def]" started-at="2025-09-23T22:24:55 IST" name="Testing" finished-at="2025-09-23T22:24:56 IST" duration-ms="931" status="PASS">
          <reporter-output>
          </reporter-output>
        </test-method> <!-- Testing -->
        <test-method is-config="true" signature="closemybrowser()[pri:0, instance:POMTestCases.POMTesting@55141def]" started-at="2025-09-23T22:24:56 IST" name="closemybrowser" finished-at="2025-09-23T22:24:56 IST" duration-ms="358" status="PASS">
          <reporter-output>
          </reporter-output>
        </test-method> <!-- closemybrowser -->
      </class> <!-- POMTestCases.POMTesting -->
    </test> <!-- Default test -->
  </suite> <!-- Default suite -->
</testng-results>
