<?xml version="1.0" encoding="UTF-8"?>
<!-- Generated by org.testng.reporters.JUnitXMLReporter -->
<testsuite ignored="12" hostname="LAPTOP-M3O83615" failures="0" tests="3" name="Test(failed)(failed)" time="0.081" errors="0" timestamp="2025-07-30T21:49:13 IST">
  <testcase classname="FailedTestCasesPack.AnimalClass1" name="hrs" time="0.013"/>
  <testcase classname="FailedTestCasesPack.AnimalClass3" name="cht" time="0.002"/>
  <testcase classname="FailedTestCasesPack.AnimalClass2" name="dnk" time="0.002"/>
  <testcase classname="FailedTestCasesPack.AnimalClass2" name="fx" time="0.0">
    <ignored/>
  </testcase> <!-- fx -->
  <testcase classname="FailedTestCasesPack.AnimalClass3" name="bfl" time="0.0">
    <ignored/>
  </testcase> <!-- bfl -->
  <testcase classname="FailedTestCasesPack.AnimalClass3" name="mse" time="0.0">
    <ignored/>
  </testcase> <!-- mse -->
  <testcase classname="FailedTestCasesPack.AnimalClass2" name="hn" time="0.0">
    <ignored/>
  </testcase> <!-- hn -->
  <testcase classname="FailedTestCasesPack.AnimalClass1" name="dr" time="0.0">
    <ignored/>
  </testcase> <!-- dr -->
  <testcase classname="FailedTestCasesPack.AnimalClass3" name="yk" time="0.0">
    <ignored/>
  </testcase> <!-- yk -->
  <testcase classname="FailedTestCasesPack.AnimalClass1" name="fx" time="0.0">
    <ignored/>
  </testcase> <!-- fx -->
  <testcase classname="FailedTestCasesPack.AnimalClass1" name="rt" time="0.0">
    <ignored/>
  </testcase> <!-- rt -->
  <testcase classname="FailedTestCasesPack.AnimalClass2" name="mnk" time="0.0">
    <ignored/>
  </testcase> <!-- mnk -->
  <testcase classname="FailedTestCasesPack.AnimalClass2" name="ele" time="0.0">
    <ignored/>
  </testcase> <!-- ele -->
  <testcase classname="FailedTestCasesPack.AnimalClass1" name="ox" time="0.0">
    <ignored/>
  </testcase> <!-- ox -->
  <testcase classname="FailedTestCasesPack.AnimalClass3" name="cw" time="0.0">
    <ignored/>
  </testcase> <!-- cw -->
</testsuite> <!-- Test(failed)(failed) -->
